<?xml version="1.0" encoding="UTF-8"?>
<testsuite name="Amaze"
           tests="1"
           failures="1"
           errors="0"
           skipped="0"
           time="0.022">
  <properties />
            <testcase name="navigateToUserMaster" time="0.022" classname="base.UserMaster">
                <failure type="java.lang.StackOverflowError"
                  message="(null)"
              >
<![CDATA[java.lang.StackOverflowError
  base.UserMaster.navigateToUserMaster(UserMaster.java:13)
  base.UserMaster.navigateToUserMaster(UserMaster.java:13)
  base.UserMaster.navigateToUserMaster(UserMaster.java:13)
  base.UserMaster.navigateToUserMaster(UserMaster.java:13)
  base.UserMaster.navigateToUserMaster(UserMaster.java:13)
  base.UserMaster.navigateToUserMaster(UserMaster.java:13)
  base.UserMaster.navigateToUserMaster(UserMaster.java:13)
  base.UserMaster.navigateToUserMaster(UserMaster.java:13)
  base.UserMaster.navigateToUserMaster(UserMaster.java:13)
  base.UserMaster.navigateToUserMaster(UserMaster.java:13)
  base.UserMaster.navigateToUserMaster(UserMaster.java:13)
  base.UserMaster.navigateToUserMaster(UserMaster.java:13)
  base.UserMaster.navigateToUserMaster(UserMaster.java:13)
  base.UserMaster.navigateToUserMaster(UserMaster.java:13)
  base.UserMaster.navigateToUserMaster(UserMaster.java:13)
  base.UserMaster.navigateToUserMaster(UserMaster.java:13)
  base.UserMaster.navigateToUserMaster(UserMaster.java:13)
  base.UserMaster.navigateToUserMaster(UserMaster.java:13)
  base.UserMaster.navigateToUserMaster(UserMaster.java:13)
  base.UserMaster.navigateToUserMaster(UserMaster.java:13)
  base.UserMaster.navigateToUserMaster(UserMaster.java:13)
  base.UserMaster.navigateToUserMaster(UserMaster.java:13)
  base.UserMaster.navigateToUserMaster(UserMaster.java:13)
  base.UserMaster.navigateToUserMaster(UserMaster.java:13)
  base.UserMaster.navigateToUserMaster(UserMaster.java:13)
  base.UserMaster.navigateToUserMaster(UserMaster.java:13)
  base.UserMaster.navigateToUserMaster(UserMaster.java:13)
  base.UserMaster.navigateToUserMaster(UserMaster.java:13)
  base.UserMaster.navigateToUserMaster(UserMaster.java:13)
  base.UserMaster.navigateToUserMaster(UserMaster.java:13)
  base.UserMaster.navigateToUserMaster(UserMaster.java:13)
  base.UserMaster.navigateToUserMaster(UserMaster.java:13)
  base.UserMaster.navigateToUserMaster(UserMaster.java:13)
  base.UserMaster.navigateToUserMaster(UserMaster.java:13)
  base.UserMaster.navigateToUserMaster(UserMaster.java:13)
  base.UserMaster.navigateToUserMaster(UserMaster.java:13)
  base.UserMaster.navigateToUserMaster(UserMaster.java:13)
  base.UserMaster.navigateToUserMaster(UserMaster.java:13)
  base.UserMaster.navigateToUserMaster(UserMaster.java:13)
  base.UserMaster.navigateToUserMaster(UserMaster.java:13)
  base.UserMaster.navigateToUserMaster(UserMaster.java:13)
  base.UserMaster.navigateToUserMaster(UserMaster.java:13)
  base.UserMaster.navigateToUserMaster(UserMaster.java:13)
  base.UserMaster.navigateToUserMaster(UserMaster.java:13)
  base.UserMaster.navigateToUserMaster(UserMaster.java:13)
  base.UserMaster.navigateToUserMaster(UserMaster.java:13)
  base.UserMaster.navigateToUserMaster(UserMaster.java:13)
  base.UserMaster.navigateToUserMaster(UserMaster.java:13)
  base.UserMaster.navigateToUserMaster(UserMaster.java:13)
  base.UserMaster.navigateToUserMaster(UserMaster.java:13)
  base.UserMaster.navigateToUserMaster(UserMaster.java:13)
  base.UserMaster.navigateToUserMaster(UserMaster.java:13)
  base.UserMaster.navigateToUserMaster(UserMaster.java:13)
  base.UserMaster.navigateToUserMaster(UserMaster.java:13)
  base.UserMaster.navigateToUserMaster(UserMaster.java:13)
  base.UserMaster.navigateToUserMaster(UserMaster.java:13)
  base.UserMaster.navigateToUserMaster(UserMaster.java:13)
  base.UserMaster.navigateToUserMaster(UserMaster.java:13)
  base.UserMaster.navigateToUserMaster(UserMaster.java:13)
  base.UserMaster.navigateToUserMaster(UserMaster.java:13)
  base.UserMaster.navigateToUserMaster(UserMaster.java:13)
  base.UserMaster.navigateToUserMaster(UserMaster.java:13)
  base.UserMaster.navigateToUserMaster(UserMaster.java:13)
  base.UserMaster.navigateToUserMaster(UserMaster.java:13)
  base.UserMaster.navigateToUserMaster(UserMaster.java:13)
  base.UserMaster.navigateToUserMaster(UserMaster.java:13)
  base.UserMaster.navigateToUserMaster(UserMaster.java:13)
  base.UserMaster.navigateToUserMaster(UserMaster.java:13)
  base.UserMaster.navigateToUserMaster(UserMaster.java:13)
  base.UserMaster.navigateToUserMaster(UserMaster.java:13)
  base.UserMaster.navigateToUserMaster(UserMaster.java:13)
  base.UserMaster.navigateToUserMaster(UserMaster.java:13)
  base.UserMaster.navigateToUserMaster(UserMaster.java:13)
  base.UserMaster.navigateToUserMaster(UserMaster.java:13)
  base.UserMaster.navigateToUserMaster(UserMaster.java:13)
  base.UserMaster.navigateToUserMaster(UserMaster.java:13)
  base.UserMaster.navigateToUserMaster(UserMaster.java:13)
  base.UserMaster.navigateToUserMaster(UserMaster.java:13)
  base.UserMaster.navigateToUserMaster(UserMaster.java:13)
  base.UserMaster.navigateToUserMaster(UserMaster.java:13)
  base.UserMaster.navigateToUserMaster(UserMaster.java:13)
  base.UserMaster.navigateToUserMaster(UserMaster.java:13)
  base.UserMaster.navigateToUserMaster(UserMaster.java:13)
  base.UserMaster.navigateToUserMaster(UserMaster.java:13)
  base.UserMaster.navigateToUserMaster(UserMaster.java:13)
  base.UserMaster.navigateToUserMaster(UserMaster.java:13)
  base.UserMaster.navigateToUserMaster(UserMaster.java:13)
  base.UserMaster.navigateToUserMaster(UserMaster.java:13)
  base.UserMaster.navigateToUserMaster(UserMaster.java:13)
  base.UserMaster.navigateToUserMaster(UserMaster.java:13)
  base.UserMaster.navigateToUserMaster(UserMaster.java:13)
  base.UserMaster.navigateToUserMaster(UserMaster.java:13)
  base.UserMaster.navigateToUserMaster(UserMaster.java:13)
  base.UserMaster.navigateToUserMaster(UserMaster.java:13)
  base.UserMaster.navigateToUserMaster(UserMaster.java:13)
  base.UserMaster.navigateToUserMaster(UserMaster.java:13)
  base.UserMaster.navigateToUserMaster(UserMaster.java:13)
  base.UserMaster.navigateToUserMaster(UserMaster.java:13)
  base.UserMaster.navigateToUserMaster(UserMaster.java:13)
  base.UserMaster.navigateToUserMaster(UserMaster.java:13)
  base.UserMaster.navigateToUserMaster(UserMaster.java:13)
  base.UserMaster.navigateToUserMaster(UserMaster.java:13)
  base.UserMaster.navigateToUserMaster(UserMaster.java:13)
  base.UserMaster.navigateToUserMaster(UserMaster.java:13)
  base.UserMaster.navigateToUserMaster(UserMaster.java:13)
  base.UserMaster.navigateToUserMaster(UserMaster.java:13)
  base.UserMaster.navigateToUserMaster(UserMaster.java:13)
  base.UserMaster.navigateToUserMaster(UserMaster.java:13)
  base.UserMaster.navigateToUserMaster(UserMaster.java:13)
  base.UserMaster.navigateToUserMaster(UserMaster.java:13)
  base.UserMaster.navigateToUserMaster(UserMaster.java:13)
  base.UserMaster.navigateToUserMaster(UserMaster.java:13)
  base.UserMaster.navigateToUserMaster(UserMaster.java:13)
  base.UserMaster.navigateToUserMaster(UserMaster.java:13)
  base.UserMaster.navigateToUserMaster(UserMaster.java:13)
  base.UserMaster.navigateToUserMaster(UserMaster.java:13)
  base.UserMaster.navigateToUserMaster(UserMaster.java:13)
  base.UserMaster.navigateToUserMaster(UserMaster.java:13)
  base.UserMaster.navigateToUserMaster(UserMaster.java:13)
  base.UserMaster.navigateToUserMaster(UserMaster.java:13)
  base.UserMaster.navigateToUserMaster(UserMaster.java:13)
  base.UserMaster.navigateToUserMaster(UserMaster.java:13)
  base.UserMaster.navigateToUserMaster(UserMaster.java:13)
  base.UserMaster.navigateToUserMaster(UserMaster.java:13)
  base.UserMaster.navigateToUserMaster(UserMaster.java:13)
  base.UserMaster.navigateToUserMaster(UserMaster.java:13)
  base.UserMaster.navigateToUserMaster(UserMaster.java:13)
  base.UserMaster.navigateToUserMaster(UserMaster.java:13)
  base.UserMaster.navigateToUserMaster(UserMaster.java:13)
  base.UserMaster.navigateToUserMaster(UserMaster.java:13)
  base.UserMaster.navigateToUserMaster(UserMaster.java:13)
  base.UserMaster.navigateToUserMaster(UserMaster.java:13)
  base.UserMaster.navigateToUserMaster(UserMaster.java:13)
  base.UserMaster.navigateToUserMaster(UserMaster.java:13)
  base.UserMaster.navigateToUserMaster(UserMaster.java:13)
  base.UserMaster.navigateToUserMaster(UserMaster.java:13)
  base.UserMaster.navigateToUserMaster(UserMaster.java:13)
  base.UserMaster.navigateToUserMaster(UserMaster.java:13)
  base.UserMaster.navigateToUserMaster(UserMaster.java:13)
  base.UserMaster.navigateToUserMaster(UserMaster.java:13)
  base.UserMaster.navigateToUserMaster(UserMaster.java:13)
  base.UserMaster.navigateToUserMaster(UserMaster.java:13)
  base.UserMaster.navigateToUserMaster(UserMaster.java:13)
  base.UserMaster.navigateToUserMaster(UserMaster.java:13)
  base.UserMaster.navigateToUserMaster(UserMaster.java:13)
  base.UserMaster.navigateToUserMaster(UserMaster.java:13)
  base.UserMaster.navigateToUserMaster(UserMaster.java:13)
  base.UserMaster.navigateToUserMaster(UserMaster.java:13)
  base.UserMaster.navigateToUserMaster(UserMaster.java:13)
  base.UserMaster.navigateToUserMaster(UserMaster.java:13)
  base.UserMaster.navigateToUserMaster(UserMaster.java:13)
  base.UserMaster.navigateToUserMaster(UserMaster.java:13)
  base.UserMaster.navigateToUserMaster(UserMaster.java:13)
  base.UserMaster.navigateToUserMaster(UserMaster.java:13)
  base.UserMaster.navigateToUserMaster(UserMaster.java:13)
  base.UserMaster.navigateToUserMaster(UserMaster.java:13)
  base.UserMaster.navigateToUserMaster(UserMaster.java:13)
  base.UserMaster.navigateToUserMaster(UserMaster.java:13)
  base.UserMaster.navigateToUserMaster(UserMaster.java:13)
  base.UserMaster.navigateToUserMaster(UserMaster.java:13)
  base.UserMaster.navigateToUserMaster(UserMaster.java:13)
  base.UserMaster.navigateToUserMaster(UserMaster.java:13)
  base.UserMaster.navigateToUserMaster(UserMaster.java:13)
  base.UserMaster.navigateToUserMaster(UserMaster.java:13)
  base.UserMaster.navigateToUserMaster(UserMaster.java:13)
  base.UserMaster.navigateToUserMaster(UserMaster.java:13)
  base.UserMaster.navigateToUserMaster(UserMaster.java:13)
  base.UserMaster.navigateToUserMaster(UserMaster.java:13)
  base.UserMaster.navigateToUserMaster(UserMaster.java:13)
  base.UserMaster.navigateToUserMaster(UserMaster.java:13)
  base.UserMaster.navigateToUserMaster(UserMaster.java:13)
  base.UserMaster.navigateToUserMaster(UserMaster.java:13)
  base.UserMaster.navigateToUserMaster(UserMaster.java:13)
  base.UserMaster.navigateToUserMaster(UserMaster.java:13)
  base.UserMaster.navigateToUserMaster(UserMaster.java:13)
  base.UserMaster.navigateToUserMaster(UserMaster.java:13)
  base.UserMaster.navigateToUserMaster(UserMaster.java:13)
  base.UserMaster.navigateToUserMaster(UserMaster.java:13)
  base.UserMaster.navigateToUserMaster(UserMaster.java:13)
  base.UserMaster.navigateToUserMaster(UserMaster.java:13)
  base.UserMaster.navigateToUserMaster(UserMaster.java:13)
  base.UserMaster.navigateToUserMaster(UserMaster.java:13)
  base.UserMaster.navigateToUserMaster(UserMaster.java:13)
  base.UserMaster.navigateToUserMaster(UserMaster.java:13)
  base.UserMaster.navigateToUserMaster(UserMaster.java:13)
  base.UserMaster.navigateToUserMaster(UserMaster.java:13)
  base.UserMaster.navigateToUserMaster(UserMaster.java:13)
  base.UserMaster.navigateToUserMaster(UserMaster.java:13)
  base.UserMaster.navigateToUserMaster(UserMaster.java:13)
  base.UserMaster.navigateToUserMaster(UserMaster.java:13)
  base.UserMaster.navigateToUserMaster(UserMaster.java:13)
  base.UserMaster.navigateToUserMaster(UserMaster.java:13)
  base.UserMaster.navigateToUserMaster(UserMaster.java:13)
  base.UserMaster.navigateToUserMaster(UserMaster.java:13)
  base.UserMaster.navigateToUserMaster(UserMaster.java:13)
  base.UserMaster.navigateToUserMaster(UserMaster.java:13)
  base.UserMaster.navigateToUserMaster(UserMaster.java:13)
  base.UserMaster.navigateToUserMaster(UserMaster.java:13)
  base.UserMaster.navigateToUserMaster(UserMaster.java:13)
  base.UserMaster.navigateToUserMaster(UserMaster.java:13)
  base.UserMaster.navigateToUserMaster(UserMaster.java:13)
  base.UserMaster.navigateToUserMaster(UserMaster.java:13)
  base.UserMaster.navigateToUserMaster(UserMaster.java:13)
  base.UserMaster.navigateToUserMaster(UserMaster.java:13)
  base.UserMaster.navigateToUserMaster(UserMaster.java:13)
  base.UserMaster.navigateToUserMaster(UserMaster.java:13)
  base.UserMaster.navigateToUserMaster(UserMaster.java:13)
  base.UserMaster.navigateToUserMaster(UserMaster.java:13)
  base.UserMaster.navigateToUserMaster(UserMaster.java:13)
  base.UserMaster.navigateToUserMaster(UserMaster.java:13)
  base.UserMaster.navigateToUserMaster(UserMaster.java:13)
  base.UserMaster.navigateToUserMaster(UserMaster.java:13)
  base.UserMaster.navigateToUserMaster(UserMaster.java:13)
  base.UserMaster.navigateToUserMaster(UserMaster.java:13)
  base.UserMaster.navigateToUserMaster(UserMaster.java:13)
  base.UserMaster.navigateToUserMaster(UserMaster.java:13)
  base.UserMaster.navigateToUserMaster(UserMaster.java:13)
  base.UserMaster.navigateToUserMaster(UserMaster.java:13)
  base.UserMaster.navigateToUserMaster(UserMaster.java:13)
  base.UserMaster.navigateToUserMaster(UserMaster.java:13)
  base.UserMaster.navigateToUserMaster(UserMaster.java:13)
  base.UserMaster.navigateToUserMaster(UserMaster.java:13)
  base.UserMaster.navigateToUserMaster(UserMaster.java:13)
  base.UserMaster.navigateToUserMaster(UserMaster.java:13)
  base.UserMaster.navigateToUserMaster(UserMaster.java:13)
  base.UserMaster.navigateToUserMaster(UserMaster.java:13)
  base.UserMaster.navigateToUserMaster(UserMaster.java:13)
  base.UserMaster.navigateToUserMaster(UserMaster.java:13)
  base.UserMaster.navigateToUserMaster(UserMaster.java:13)
  base.UserMaster.navigateToUserMaster(UserMaster.java:13)
  base.UserMaster.navigateToUserMaster(UserMaster.java:13)
  base.UserMaster.navigateToUserMaster(UserMaster.java:13)
  base.UserMaster.navigateToUserMaster(UserMaster.java:13)
  base.UserMaster.navigateToUserMaster(UserMaster.java:13)
  base.UserMaster.navigateToUserMaster(UserMaster.java:13)
  base.UserMaster.navigateToUserMaster(UserMaster.java:13)
  base.UserMaster.navigateToUserMaster(UserMaster.java:13)
  base.UserMaster.navigateToUserMaster(UserMaster.java:13)
  base.UserMaster.navigateToUserMaster(UserMaster.java:13)
  base.UserMaster.navigateToUserMaster(UserMaster.java:13)
  base.UserMaster.navigateToUserMaster(UserMaster.java:13)
  base.UserMaster.navigateToUserMaster(UserMaster.java:13)
  base.UserMaster.navigateToUserMaster(UserMaster.java:13)
  base.UserMaster.navigateToUserMaster(UserMaster.java:13)
  base.UserMaster.navigateToUserMaster(UserMaster.java:13)
  base.UserMaster.navigateToUserMaster(UserMaster.java:13)
  base.UserMaster.navigateToUserMaster(UserMaster.java:13)
  base.UserMaster.navigateToUserMaster(UserMaster.java:13)
  base.UserMaster.navigateToUserMaster(UserMaster.java:13)
  base.UserMaster.navigateToUserMaster(UserMaster.java:13)
  base.UserMaster.navigateToUserMaster(UserMaster.java:13)
  base.UserMaster.navigateToUserMaster(UserMaster.java:13)
  base.UserMaster.navigateToUserMaster(UserMaster.java:13)
  base.UserMaster.navigateToUserMaster(UserMaster.java:13)
  base.UserMaster.navigateToUserMaster(UserMaster.java:13)
  base.UserMaster.navigateToUserMaster(UserMaster.java:13)
  base.UserMaster.navigateToUserMaster(UserMaster.java:13)
  base.UserMaster.navigateToUserMaster(UserMaster.java:13)
  base.UserMaster.navigateToUserMaster(UserMaster.java:13)
  base.UserMaster.navigateToUserMaster(UserMaster.java:13)
  base.UserMaster.navigateToUserMaster(UserMaster.java:13)
  base.UserMaster.navigateToUserMaster(UserMaster.java:13)
  base.UserMaster.navigateToUserMaster(UserMaster.java:13)
  base.UserMaster.navigateToUserMaster(UserMaster.java:13)
  base.UserMaster.navigateToUserMaster(UserMaster.java:13)
  base.UserMaster.navigateToUserMaster(UserMaster.java:13)
  base.UserMaster.navigateToUserMaster(UserMaster.java:13)
  base.UserMaster.navigateToUserMaster(UserMaster.java:13)
  base.UserMaster.navigateToUserMaster(UserMaster.java:13)
  base.UserMaster.navigateToUserMaster(UserMaster.java:13)
  base.UserMaster.navigateToUserMaster(UserMaster.java:13)
  base.UserMaster.navigateToUserMaster(UserMaster.java:13)
  base.UserMaster.navigateToUserMaster(UserMaster.java:13)
  base.UserMaster.navigateToUserMaster(UserMaster.java:13)
  base.UserMaster.navigateToUserMaster(UserMaster.java:13)
  base.UserMaster.navigateToUserMaster(UserMaster.java:13)
  base.UserMaster.navigateToUserMaster(UserMaster.java:13)
  base.UserMaster.navigateToUserMaster(UserMaster.java:13)
  base.UserMaster.navigateToUserMaster(UserMaster.java:13)
  base.UserMaster.navigateToUserMaster(UserMaster.java:13)
  base.UserMaster.navigateToUserMaster(UserMaster.java:13)
  base.UserMaster.navigateToUserMaster(UserMaster.java:13)
  base.UserMaster.navigateToUserMaster(UserMaster.java:13)
  base.UserMaster.navigateToUserMaster(UserMaster.java:13)
  base.UserMaster.navigateToUserMaster(UserMaster.java:13)
  base.UserMaster.navigateToUserMaster(UserMaster.java:13)
  base.UserMaster.navigateToUserMaster(UserMaster.java:13)
  base.UserMaster.navigateToUserMaster(UserMaster.java:13)
  base.UserMaster.navigateToUserMaster(UserMaster.java:13)
  base.UserMaster.navigateToUserMaster(UserMaster.java:13)
  base.UserMaster.navigateToUserMaster(UserMaster.java:13)
  base.UserMaster.navigateToUserMaster(UserMaster.java:13)
  base.UserMaster.navigateToUserMaster(UserMaster.java:13)
  base.UserMaster.navigateToUserMaster(UserMaster.java:13)
  base.UserMaster.navigateToUserMaster(UserMaster.java:13)
  base.UserMaster.navigateToUserMaster(UserMaster.java:13)
  base.UserMaster.navigateToUserMaster(UserMaster.java:13)
  base.UserMaster.navigateToUserMaster(UserMaster.java:13)
  base.UserMaster.navigateToUserMaster(UserMaster.java:13)
  base.UserMaster.navigateToUserMaster(UserMaster.java:13)
  base.UserMaster.navigateToUserMaster(UserMaster.java:13)
  base.UserMaster.navigateToUserMaster(UserMaster.java:13)
  base.UserMaster.navigateToUserMaster(UserMaster.java:13)
  base.UserMaster.navigateToUserMaster(UserMaster.java:13)
  base.UserMaster.navigateToUserMaster(UserMaster.java:13)
  base.UserMaster.navigateToUserMaster(UserMaster.java:13)
  base.UserMaster.navigateToUserMaster(UserMaster.java:13)
  base.UserMaster.navigateToUserMaster(UserMaster.java:13)
  base.UserMaster.navigateToUserMaster(UserMaster.java:13)
  base.UserMaster.navigateToUserMaster(UserMaster.java:13)
  base.UserMaster.navigateToUserMaster(UserMaster.java:13)
  base.UserMaster.navigateToUserMaster(UserMaster.java:13)
  base.UserMaster.navigateToUserMaster(UserMaster.java:13)
  base.UserMaster.navigateToUserMaster(UserMaster.java:13)
  base.UserMaster.navigateToUserMaster(UserMaster.java:13)
  base.UserMaster.navigateToUserMaster(UserMaster.java:13)
  base.UserMaster.navigateToUserMaster(UserMaster.java:13)
  base.UserMaster.navigateToUserMaster(UserMaster.java:13)
  base.UserMaster.navigateToUserMaster(UserMaster.java:13)
  base.UserMaster.navigateToUserMaster(UserMaster.java:13)
  base.UserMaster.navigateToUserMaster(UserMaster.java:13)
  base.UserMaster.navigateToUserMaster(UserMaster.java:13)
  base.UserMaster.navigateToUserMaster(UserMaster.java:13)
  base.UserMaster.navigateToUserMaster(UserMaster.java:13)
  base.UserMaster.navigateToUserMaster(UserMaster.java:13)
  base.UserMaster.navigateToUserMaster(UserMaster.java:13)
  base.UserMaster.navigateToUserMaster(UserMaster.java:13)
  base.UserMaster.navigateToUserMaster(UserMaster.java:13)
  base.UserMaster.navigateToUserMaster(UserMaster.java:13)
  base.UserMaster.navigateToUserMaster(UserMaster.java:13)
  base.UserMaster.navigateToUserMaster(UserMaster.java:13)
  base.UserMaster.navigateToUserMaster(UserMaster.java:13)
  base.UserMaster.navigateToUserMaster(UserMaster.java:13)
  base.UserMaster.navigateToUserMaster(UserMaster.java:13)
  base.UserMaster.navigateToUserMaster(UserMaster.java:13)
  base.UserMaster.navigateToUserMaster(UserMaster.java:13)
  base.UserMaster.navigateToUserMaster(UserMaster.java:13)
  base.UserMaster.navigateToUserMaster(UserMaster.java:13)
  base.UserMaster.navigateToUserMaster(UserMaster.java:13)
  base.UserMaster.navigateToUserMaster(UserMaster.java:13)
  base.UserMaster.navigateToUserMaster(UserMaster.java:13)
  base.UserMaster.navigateToUserMaster(UserMaster.java:13)
  base.UserMaster.navigateToUserMaster(UserMaster.java:13)
  base.UserMaster.navigateToUserMaster(UserMaster.java:13)
  base.UserMaster.navigateToUserMaster(UserMaster.java:13)
  base.UserMaster.navigateToUserMaster(UserMaster.java:13)
  base.UserMaster.navigateToUserMaster(UserMaster.java:13)
  base.UserMaster.navigateToUserMaster(UserMaster.java:13)
  base.UserMaster.navigateToUserMaster(UserMaster.java:13)
  base.UserMaster.navigateToUserMaster(UserMaster.java:13)
  base.UserMaster.navigateToUserMaster(UserMaster.java:13)
  base.UserMaster.navigateToUserMaster(UserMaster.java:13)
  base.UserMaster.navigateToUserMaster(UserMaster.java:13)
  base.UserMaster.navigateToUserMaster(UserMaster.java:13)
  base.UserMaster.navigateToUserMaster(UserMaster.java:13)
  base.UserMaster.navigateToUserMaster(UserMaster.java:13)
  base.UserMaster.navigateToUserMaster(UserMaster.java:13)
  base.UserMaster.navigateToUserMaster(UserMaster.java:13)
  base.UserMaster.navigateToUserMaster(UserMaster.java:13)
  base.UserMaster.navigateToUserMaster(UserMaster.java:13)
  base.UserMaster.navigateToUserMaster(UserMaster.java:13)
  base.UserMaster.navigateToUserMaster(UserMaster.java:13)
  base.UserMaster.navigateToUserMaster(UserMaster.java:13)
  base.UserMaster.navigateToUserMaster(UserMaster.java:13)
  base.UserMaster.navigateToUserMaster(UserMaster.java:13)
  base.UserMaster.navigateToUserMaster(UserMaster.java:13)
  base.UserMaster.navigateToUserMaster(UserMaster.java:13)
  base.UserMaster.navigateToUserMaster(UserMaster.java:13)
  base.UserMaster.navigateToUserMaster(UserMaster.java:13)
  base.UserMaster.navigateToUserMaster(UserMaster.java:13)
  base.UserMaster.navigateToUserMaster(UserMaster.java:13)
  base.UserMaster.navigateToUserMaster(UserMaster.java:13)
  base.UserMaster.navigateToUserMaster(UserMaster.java:13)
  base.UserMaster.navigateToUserMaster(UserMaster.java:13)
  base.UserMaster.navigateToUserMaster(UserMaster.java:13)
  base.UserMaster.navigateToUserMaster(UserMaster.java:13)
  base.UserMaster.navigateToUserMaster(UserMaster.java:13)
  base.UserMaster.navigateToUserMaster(UserMaster.java:13)
  base.UserMaster.navigateToUserMaster(UserMaster.java:13)
  base.UserMaster.navigateToUserMaster(UserMaster.java:13)
  base.UserMaster.navigateToUserMaster(UserMaster.java:13)
  base.UserMaster.navigateToUserMaster(UserMaster.java:13)
  base.UserMaster.navigateToUserMaster(UserMaster.java:13)
  base.UserMaster.navigateToUserMaster(UserMaster.java:13)
  base.UserMaster.navigateToUserMaster(UserMaster.java:13)
  base.UserMaster.navigateToUserMaster(UserMaster.java:13)
  base.UserMaster.navigateToUserMaster(UserMaster.java:13)
  base.UserMaster.navigateToUserMaster(UserMaster.java:13)
  base.UserMaster.navigateToUserMaster(UserMaster.java:13)
  base.UserMaster.navigateToUserMaster(UserMaster.java:13)
  base.UserMaster.navigateToUserMaster(UserMaster.java:13)
  base.UserMaster.navigateToUserMaster(UserMaster.java:13)
  base.UserMaster.navigateToUserMaster(UserMaster.java:13)
  base.UserMaster.navigateToUserMaster(UserMaster.java:13)
  base.UserMaster.navigateToUserMaster(UserMaster.java:13)
  base.UserMaster.navigateToUserMaster(UserMaster.java:13)
  base.UserMaster.navigateToUserMaster(UserMaster.java:13)
  base.UserMaster.navigateToUserMaster(UserMaster.java:13)
  base.UserMaster.navigateToUserMaster(UserMaster.java:13)
  base.UserMaster.navigateToUserMaster(UserMaster.java:13)
  base.UserMaster.navigateToUserMaster(UserMaster.java:13)
  base.UserMaster.navigateToUserMaster(UserMaster.java:13)
  base.UserMaster.navigateToUserMaster(UserMaster.java:13)
  base.UserMaster.navigateToUserMaster(UserMaster.java:13)
  base.UserMaster.navigateToUserMaster(UserMaster.java:13)
  base.UserMaster.navigateToUserMaster(UserMaster.java:13)
  base.UserMaster.navigateToUserMaster(UserMaster.java:13)
  base.UserMaster.navigateToUserMaster(UserMaster.java:13)
  base.UserMaster.navigateToUserMaster(UserMaster.java:13)
  base.UserMaster.navigateToUserMaster(UserMaster.java:13)
  base.UserMaster.navigateToUserMaster(UserMaster.java:13)
  base.UserMaster.navigateToUserMaster(UserMaster.java:13)
  base.UserMaster.navigateToUserMaster(UserMaster.java:13)
  base.UserMaster.navigateToUserMaster(UserMaster.java:13)
  base.UserMaster.navigateToUserMaster(UserMaster.java:13)
  base.UserMaster.navigateToUserMaster(UserMaster.java:13)
  base.UserMaster.navigateToUserMaster(UserMaster.java:13)
  base.UserMaster.navigateToUserMaster(UserMaster.java:13)
  base.UserMaster.navigateToUserMaster(UserMaster.java:13)
  base.UserMaster.navigateToUserMaster(UserMaster.java:13)
  base.UserMaster.navigateToUserMaster(UserMaster.java:13)
  base.UserMaster.navigateToUserMaster(UserMaster.java:13)
  base.UserMaster.navigateToUserMaster(UserMaster.java:13)
  base.UserMaster.navigateToUserMaster(UserMaster.java:13)
  base.UserMaster.navigateToUserMaster(UserMaster.java:13)
  base.UserMaster.navigateToUserMaster(UserMaster.java:13)
  base.UserMaster.navigateToUserMaster(UserMaster.java:13)
  base.UserMaster.navigateToUserMaster(UserMaster.java:13)
  base.UserMaster.navigateToUserMaster(UserMaster.java:13)
  base.UserMaster.navigateToUserMaster(UserMaster.java:13)
  base.UserMaster.navigateToUserMaster(UserMaster.java:13)
  base.UserMaster.navigateToUserMaster(UserMaster.java:13)
  base.UserMaster.navigateToUserMaster(UserMaster.java:13)
  base.UserMaster.navigateToUserMaster(UserMaster.java:13)
  base.UserMaster.navigateToUserMaster(UserMaster.java:13)
  base.UserMaster.navigateToUserMaster(UserMaster.java:13)
  base.UserMaster.navigateToUserMaster(UserMaster.java:13)
  base.UserMaster.navigateToUserMaster(UserMaster.java:13)
  base.UserMaster.navigateToUserMaster(UserMaster.java:13)
  base.UserMaster.navigateToUserMaster(UserMaster.java:13)
  base.UserMaster.navigateToUserMaster(UserMaster.java:13)
  base.UserMaster.navigateToUserMaster(UserMaster.java:13)
  base.UserMaster.navigateToUserMaster(UserMaster.java:13)
  base.UserMaster.navigateToUserMaster(UserMaster.java:13)
  base.UserMaster.navigateToUserMaster(UserMaster.java:13)
  base.UserMaster.navigateToUserMaster(UserMaster.java:13)
  base.UserMaster.navigateToUserMaster(UserMaster.java:13)
  base.UserMaster.navigateToUserMaster(UserMaster.java:13)
  base.UserMaster.navigateToUserMaster(UserMaster.java:13)
  base.UserMaster.navigateToUserMaster(UserMaster.java:13)
  base.UserMaster.navigateToUserMaster(UserMaster.java:13)
  base.UserMaster.navigateToUserMaster(UserMaster.java:13)
  base.UserMaster.navigateToUserMaster(UserMaster.java:13)
  base.UserMaster.navigateToUserMaster(UserMaster.java:13)
  base.UserMaster.navigateToUserMaster(UserMaster.java:13)
  base.UserMaster.navigateToUserMaster(UserMaster.java:13)
  base.UserMaster.navigateToUserMaster(UserMaster.java:13)
  base.UserMaster.navigateToUserMaster(UserMaster.java:13)
  base.UserMaster.navigateToUserMaster(UserMaster.java:13)
  base.UserMaster.navigateToUserMaster(UserMaster.java:13)
  base.UserMaster.navigateToUserMaster(UserMaster.java:13)
  base.UserMaster.navigateToUserMaster(UserMaster.java:13)
  base.UserMaster.navigateToUserMaster(UserMaster.java:13)
  base.UserMaster.navigateToUserMaster(UserMaster.java:13)
  base.UserMaster.navigateToUserMaster(UserMaster.java:13)
  base.UserMaster.navigateToUserMaster(UserMaster.java:13)
  base.UserMaster.navigateToUserMaster(UserMaster.java:13)
  base.UserMaster.navigateToUserMaster(UserMaster.java:13)
  base.UserMaster.navigateToUserMaster(UserMaster.java:13)
  base.UserMaster.navigateToUserMaster(UserMaster.java:13)
  base.UserMaster.navigateToUserMaster(UserMaster.java:13)
  base.UserMaster.navigateToUserMaster(UserMaster.java:13)
  base.UserMaster.navigateToUserMaster(UserMaster.java:13)
  base.UserMaster.navigateToUserMaster(UserMaster.java:13)
  base.UserMaster.navigateToUserMaster(UserMaster.java:13)
  base.UserMaster.navigateToUserMaster(UserMaster.java:13)
  base.UserMaster.navigateToUserMaster(UserMaster.java:13)
  base.UserMaster.navigateToUserMaster(UserMaster.java:13)
  base.UserMaster.navigateToUserMaster(UserMaster.java:13)
  base.UserMaster.navigateToUserMaster(UserMaster.java:13)
  base.UserMaster.navigateToUserMaster(UserMaster.java:13)
  base.UserMaster.navigateToUserMaster(UserMaster.java:13)
  base.UserMaster.navigateToUserMaster(UserMaster.java:13)
  base.UserMaster.navigateToUserMaster(UserMaster.java:13)
  base.UserMaster.navigateToUserMaster(UserMaster.java:13)
  base.UserMaster.navigateToUserMaster(UserMaster.java:13)
  base.UserMaster.navigateToUserMaster(UserMaster.java:13)
  base.UserMaster.navigateToUserMaster(UserMaster.java:13)
  base.UserMaster.navigateToUserMaster(UserMaster.java:13)
  base.UserMaster.navigateToUserMaster(UserMaster.java:13)
  base.UserMaster.navigateToUserMaster(UserMaster.java:13)
  base.UserMaster.navigateToUserMaster(UserMaster.java:13)
  base.UserMaster.navigateToUserMaster(UserMaster.java:13)
  base.UserMaster.navigateToUserMaster(UserMaster.java:13)
  base.UserMaster.navigateToUserMaster(UserMaster.java:13)
  base.UserMaster.navigateToUserMaster(UserMaster.java:13)
  base.UserMaster.navigateToUserMaster(UserMaster.java:13)
  base.UserMaster.navigateToUserMaster(UserMaster.java:13)
  base.UserMaster.navigateToUserMaster(UserMaster.java:13)
  base.UserMaster.navigateToUserMaster(UserMaster.java:13)
  base.UserMaster.navigateToUserMaster(UserMaster.java:13)
  base.UserMaster.navigateToUserMaster(UserMaster.java:13)
  base.UserMaster.navigateToUserMaster(UserMaster.java:13)
  base.UserMaster.navigateToUserMaster(UserMaster.java:13)
  base.UserMaster.navigateToUserMaster(UserMaster.java:13)
  base.UserMaster.navigateToUserMaster(UserMaster.java:13)
  base.UserMaster.navigateToUserMaster(UserMaster.java:13)
  base.UserMaster.navigateToUserMaster(UserMaster.java:13)
  base.UserMaster.navigateToUserMaster(UserMaster.java:13)
  base.UserMaster.navigateToUserMaster(UserMaster.java:13)
  base.UserMaster.navigateToUserMaster(UserMaster.java:13)
  base.UserMaster.navigateToUserMaster(UserMaster.java:13)
  base.UserMaster.navigateToUserMaster(UserMaster.java:13)
  base.UserMaster.navigateToUserMaster(UserMaster.java:13)
  base.UserMaster.navigateToUserMaster(UserMaster.java:13)
  base.UserMaster.navigateToUserMaster(UserMaster.java:13)
  base.UserMaster.navigateToUserMaster(UserMaster.java:13)
  base.UserMaster.navigateToUserMaster(UserMaster.java:13)
  base.UserMaster.navigateToUserMaster(UserMaster.java:13)
  base.UserMaster.navigateToUserMaster(UserMaster.java:13)
  base.UserMaster.navigateToUserMaster(UserMaster.java:13)
  base.UserMaster.navigateToUserMaster(UserMaster.java:13)
  base.UserMaster.navigateToUserMaster(UserMaster.java:13)
  base.UserMaster.navigateToUserMaster(UserMaster.java:13)
  base.UserMaster.navigateToUserMaster(UserMaster.java:13)
  base.UserMaster.navigateToUserMaster(UserMaster.java:13)
  base.UserMaster.navigateToUserMaster(UserMaster.java:13)
  base.UserMaster.navigateToUserMaster(UserMaster.java:13)
  base.UserMaster.navigateToUserMaster(UserMaster.java:13)
  base.UserMaster.navigateToUserMaster(UserMaster.java:13)
  base.UserMaster.navigateToUserMaster(UserMaster.java:13)
  base.UserMaster.navigateToUserMaster(UserMaster.java:13)
  base.UserMaster.navigateToUserMaster(UserMaster.java:13)
  base.UserMaster.navigateToUserMaster(UserMaster.java:13)
  base.UserMaster.navigateToUserMaster(UserMaster.java:13)
  base.UserMaster.navigateToUserMaster(UserMaster.java:13)
  base.UserMaster.navigateToUserMaster(UserMaster.java:13)
  base.UserMaster.navigateToUserMaster(UserMaster.java:13)
  base.UserMaster.navigateToUserMaster(UserMaster.java:13)
  base.UserMaster.navigateToUserMaster(UserMaster.java:13)
  base.UserMaster.navigateToUserMaster(UserMaster.java:13)
  base.UserMaster.navigateToUserMaster(UserMaster.java:13)
  base.UserMaster.navigateToUserMaster(UserMaster.java:13)
  base.UserMaster.navigateToUserMaster(UserMaster.java:13)
  base.UserMaster.navigateToUserMaster(UserMaster.java:13)
  base.UserMaster.navigateToUserMaster(UserMaster.java:13)
  base.UserMaster.navigateToUserMaster(UserMaster.java:13)
  base.UserMaster.navigateToUserMaster(UserMaster.java:13)
  base.UserMaster.navigateToUserMaster(UserMaster.java:13)
  base.UserMaster.navigateToUserMaster(UserMaster.java:13)
  base.UserMaster.navigateToUserMaster(UserMaster.java:13)
  base.UserMaster.navigateToUserMaster(UserMaster.java:13)
  base.UserMaster.navigateToUserMaster(UserMaster.java:13)
  base.UserMaster.navigateToUserMaster(UserMaster.java:13)
  base.UserMaster.navigateToUserMaster(UserMaster.java:13)
  base.UserMaster.navigateToUserMaster(UserMaster.java:13)
  base.UserMaster.navigateToUserMaster(UserMaster.java:13)
  base.UserMaster.navigateToUserMaster(UserMaster.java:13)
  base.UserMaster.navigateToUserMaster(UserMaster.java:13)
  base.UserMaster.navigateToUserMaster(UserMaster.java:13)
  base.UserMaster.navigateToUserMaster(UserMaster.java:13)
  base.UserMaster.navigateToUserMaster(UserMaster.java:13)
  base.UserMaster.navigateToUserMaster(UserMaster.java:13)
  base.UserMaster.navigateToUserMaster(UserMaster.java:13)
  base.UserMaster.navigateToUserMaster(UserMaster.java:13)
  base.UserMaster.navigateToUserMaster(UserMaster.java:13)
  base.UserMaster.navigateToUserMaster(UserMaster.java:13)
  base.UserMaster.navigateToUserMaster(UserMaster.java:13)
  base.UserMaster.navigateToUserMaster(UserMaster.java:13)
  base.UserMaster.navigateToUserMaster(UserMaster.java:13)
  base.UserMaster.navigateToUserMaster(UserMaster.java:13)
  base.UserMaster.navigateToUserMaster(UserMaster.java:13)
  base.UserMaster.navigateToUserMaster(UserMaster.java:13)
  base.UserMaster.navigateToUserMaster(UserMaster.java:13)
  base.UserMaster.navigateToUserMaster(UserMaster.java:13)
  base.UserMaster.navigateToUserMaster(UserMaster.java:13)
  base.UserMaster.navigateToUserMaster(UserMaster.java:13)
  base.UserMaster.navigateToUserMaster(UserMaster.java:13)
  base.UserMaster.navigateToUserMaster(UserMaster.java:13)
  base.UserMaster.navigateToUserMaster(UserMaster.java:13)
  base.UserMaster.navigateToUserMaster(UserMaster.java:13)
  base.UserMaster.navigateToUserMaster(UserMaster.java:13)
  base.UserMaster.navigateToUserMaster(UserMaster.java:13)
  base.UserMaster.navigateToUserMaster(UserMaster.java:13)
  base.UserMaster.navigateToUserMaster(UserMaster.java:13)
  base.UserMaster.navigateToUserMaster(UserMaster.java:13)
  base.UserMaster.navigateToUserMaster(UserMaster.java:13)
  base.UserMaster.navigateToUserMaster(UserMaster.java:13)
  base.UserMaster.navigateToUserMaster(UserMaster.java:13)
  base.UserMaster.navigateToUserMaster(UserMaster.java:13)
  base.UserMaster.navigateToUserMaster(UserMaster.java:13)
  base.UserMaster.navigateToUserMaster(UserMaster.java:13)
  base.UserMaster.navigateToUserMaster(UserMaster.java:13)
  base.UserMaster.navigateToUserMaster(UserMaster.java:13)
  base.UserMaster.navigateToUserMaster(UserMaster.java:13)
  base.UserMaster.navigateToUserMaster(UserMaster.java:13)
  base.UserMaster.navigateToUserMaster(UserMaster.java:13)
  base.UserMaster.navigateToUserMaster(UserMaster.java:13)
  base.UserMaster.navigateToUserMaster(UserMaster.java:13)
  base.UserMaster.navigateToUserMaster(UserMaster.java:13)
  base.UserMaster.navigateToUserMaster(UserMaster.java:13)
  base.UserMaster.navigateToUserMaster(UserMaster.java:13)
  base.UserMaster.navigateToUserMaster(UserMaster.java:13)
  base.UserMaster.navigateToUserMaster(UserMaster.java:13)
  base.UserMaster.navigateToUserMaster(UserMaster.java:13)
  base.UserMaster.navigateToUserMaster(UserMaster.java:13)
  base.UserMaster.navigateToUserMaster(UserMaster.java:13)
  base.UserMaster.navigateToUserMaster(UserMaster.java:13)
  base.UserMaster.navigateToUserMaster(UserMaster.java:13)
  base.UserMaster.navigateToUserMaster(UserMaster.java:13)
  base.UserMaster.navigateToUserMaster(UserMaster.java:13)
  base.UserMaster.navigateToUserMaster(UserMaster.java:13)
  base.UserMaster.navigateToUserMaster(UserMaster.java:13)
  base.UserMaster.navigateToUserMaster(UserMaster.java:13)
  base.UserMaster.navigateToUserMaster(UserMaster.java:13)
  base.UserMaster.navigateToUserMaster(UserMaster.java:13)
  base.UserMaster.navigateToUserMaster(UserMaster.java:13)
  base.UserMaster.navigateToUserMaster(UserMaster.java:13)
  base.UserMaster.navigateToUserMaster(UserMaster.java:13)
  base.UserMaster.navigateToUserMaster(UserMaster.java:13)
  base.UserMaster.navigateToUserMaster(UserMaster.java:13)
  base.UserMaster.navigateToUserMaster(UserMaster.java:13)
  base.UserMaster.navigateToUserMaster(UserMaster.java:13)
  base.UserMaster.navigateToUserMaster(UserMaster.java:13)
  base.UserMaster.navigateToUserMaster(UserMaster.java:13)
  base.UserMaster.navigateToUserMaster(UserMaster.java:13)
  base.UserMaster.navigateToUserMaster(UserMaster.java:13)
  base.UserMaster.navigateToUserMaster(UserMaster.java:13)
  base.UserMaster.navigateToUserMaster(UserMaster.java:13)
  base.UserMaster.navigateToUserMaster(UserMaster.java:13)
  base.UserMaster.navigateToUserMaster(UserMaster.java:13)
  base.UserMaster.navigateToUserMaster(UserMaster.java:13)
  base.UserMaster.navigateToUserMaster(UserMaster.java:13)
  base.UserMaster.navigateToUserMaster(UserMaster.java:13)
  base.UserMaster.navigateToUserMaster(UserMaster.java:13)
  base.UserMaster.navigateToUserMaster(UserMaster.java:13)
  base.UserMaster.navigateToUserMaster(UserMaster.java:13)
  base.UserMaster.navigateToUserMaster(UserMaster.java:13)
  base.UserMaster.navigateToUserMaster(UserMaster.java:13)
  base.UserMaster.navigateToUserMaster(UserMaster.java:13)
  base.UserMaster.navigateToUserMaster(UserMaster.java:13)
  base.UserMaster.navigateToUserMaster(UserMaster.java:13)
  base.UserMaster.navigateToUserMaster(UserMaster.java:13)
  base.UserMaster.navigateToUserMaster(UserMaster.java:13)
  base.UserMaster.navigateToUserMaster(UserMaster.java:13)
  base.UserMaster.navigateToUserMaster(UserMaster.java:13)
  base.UserMaster.navigateToUserMaster(UserMaster.java:13)
  base.UserMaster.navigateToUserMaster(UserMaster.java:13)
  base.UserMaster.navigateToUserMaster(UserMaster.java:13)
  base.UserMaster.navigateToUserMaster(UserMaster.java:13)
  base.UserMaster.navigateToUserMaster(UserMaster.java:13)
  base.UserMaster.navigateToUserMaster(UserMaster.java:13)
  base.UserMaster.navigateToUserMaster(UserMaster.java:13)
  base.UserMaster.navigateToUserMaster(UserMaster.java:13)
  base.UserMaster.navigateToUserMaster(UserMaster.java:13)
  base.UserMaster.navigateToUserMaster(UserMaster.java:13)
  base.UserMaster.navigateToUserMaster(UserMaster.java:13)
  base.UserMaster.navigateToUserMaster(UserMaster.java:13)
  base.UserMaster.navigateToUserMaster(UserMaster.java:13)
  base.UserMaster.navigateToUserMaster(UserMaster.java:13)
  base.UserMaster.navigateToUserMaster(UserMaster.java:13)
  base.UserMaster.navigateToUserMaster(UserMaster.java:13)
  base.UserMaster.navigateToUserMaster(UserMaster.java:13)
  base.UserMaster.navigateToUserMaster(UserMaster.java:13)
  base.UserMaster.navigateToUserMaster(UserMaster.java:13)
  base.UserMaster.navigateToUserMaster(UserMaster.java:13)
  base.UserMaster.navigateToUserMaster(UserMaster.java:13)
  base.UserMaster.navigateToUserMaster(UserMaster.java:13)
  base.UserMaster.navigateToUserMaster(UserMaster.java:13)
  base.UserMaster.navigateToUserMaster(UserMaster.java:13)
  base.UserMaster.navigateToUserMaster(UserMaster.java:13)
  base.UserMaster.navigateToUserMaster(UserMaster.java:13)
  base.UserMaster.navigateToUserMaster(UserMaster.java:13)
  base.UserMaster.navigateToUserMaster(UserMaster.java:13)
  base.UserMaster.navigateToUserMaster(UserMaster.java:13)
  base.UserMaster.navigateToUserMaster(UserMaster.java:13)
  base.UserMaster.navigateToUserMaster(UserMaster.java:13)
  base.UserMaster.navigateToUserMaster(UserMaster.java:13)
  base.UserMaster.navigateToUserMaster(UserMaster.java:13)
  base.UserMaster.navigateToUserMaster(UserMaster.java:13)
  base.UserMaster.navigateToUserMaster(UserMaster.java:13)
  base.UserMaster.navigateToUserMaster(UserMaster.java:13)
  base.UserMaster.navigateToUserMaster(UserMaster.java:13)
  base.UserMaster.navigateToUserMaster(UserMaster.java:13)
  base.UserMaster.navigateToUserMaster(UserMaster.java:13)
  base.UserMaster.navigateToUserMaster(UserMaster.java:13)
  base.UserMaster.navigateToUserMaster(UserMaster.java:13)
  base.UserMaster.navigateToUserMaster(UserMaster.java:13)
  base.UserMaster.navigateToUserMaster(UserMaster.java:13)
  base.UserMaster.navigateToUserMaster(UserMaster.java:13)
  base.UserMaster.navigateToUserMaster(UserMaster.java:13)
  base.UserMaster.navigateToUserMaster(UserMaster.java:13)
  base.UserMaster.navigateToUserMaster(UserMaster.java:13)
  base.UserMaster.navigateToUserMaster(UserMaster.java:13)
  base.UserMaster.navigateToUserMaster(UserMaster.java:13)
  base.UserMaster.navigateToUserMaster(UserMaster.java:13)
  base.UserMaster.navigateToUserMaster(UserMaster.java:13)
  base.UserMaster.navigateToUserMaster(UserMaster.java:13)
  base.UserMaster.navigateToUserMaster(UserMaster.java:13)
  base.UserMaster.navigateToUserMaster(UserMaster.java:13)
  base.UserMaster.navigateToUserMaster(UserMaster.java:13)
  base.UserMaster.navigateToUserMaster(UserMaster.java:13)
  base.UserMaster.navigateToUserMaster(UserMaster.java:13)
  base.UserMaster.navigateToUserMaster(UserMaster.java:13)
  base.UserMaster.navigateToUserMaster(UserMaster.java:13)
  base.UserMaster.navigateToUserMaster(UserMaster.java:13)
  base.UserMaster.navigateToUserMaster(UserMaster.java:13)
  base.UserMaster.navigateToUserMaster(UserMaster.java:13)
  base.UserMaster.navigateToUserMaster(UserMaster.java:13)
  base.UserMaster.navigateToUserMaster(UserMaster.java:13)
  base.UserMaster.navigateToUserMaster(UserMaster.java:13)
  base.UserMaster.navigateToUserMaster(UserMaster.java:13)
  base.UserMaster.navigateToUserMaster(UserMaster.java:13)
  base.UserMaster.navigateToUserMaster(UserMaster.java:13)
  base.UserMaster.navigateToUserMaster(UserMaster.java:13)
  base.UserMaster.navigateToUserMaster(UserMaster.java:13)
  base.UserMaster.navigateToUserMaster(UserMaster.java:13)
  base.UserMaster.navigateToUserMaster(UserMaster.java:13)
  base.UserMaster.navigateToUserMaster(UserMaster.java:13)
  base.UserMaster.navigateToUserMaster(UserMaster.java:13)
  base.UserMaster.navigateToUserMaster(UserMaster.java:13)
  base.UserMaster.navigateToUserMaster(UserMaster.java:13)
  base.UserMaster.navigateToUserMaster(UserMaster.java:13)
  base.UserMaster.navigateToUserMaster(UserMaster.java:13)
  base.UserMaster.navigateToUserMaster(UserMaster.java:13)
  base.UserMaster.navigateToUserMaster(UserMaster.java:13)
  base.UserMaster.navigateToUserMaster(UserMaster.java:13)
  base.UserMaster.navigateToUserMaster(UserMaster.java:13)
  base.UserMaster.navigateToUserMaster(UserMaster.java:13)
  base.UserMaster.navigateToUserMaster(UserMaster.java:13)
  base.UserMaster.navigateToUserMaster(UserMaster.java:13)
  base.UserMaster.navigateToUserMaster(UserMaster.java:13)
  base.UserMaster.navigateToUserMaster(UserMaster.java:13)
  base.UserMaster.navigateToUserMaster(UserMaster.java:13)
  base.UserMaster.navigateToUserMaster(UserMaster.java:13)
  base.UserMaster.navigateToUserMaster(UserMaster.java:13)
  base.UserMaster.navigateToUserMaster(UserMaster.java:13)
  base.UserMaster.navigateToUserMaster(UserMaster.java:13)
  base.UserMaster.navigateToUserMaster(UserMaster.java:13)
  base.UserMaster.navigateToUserMaster(UserMaster.java:13)
  base.UserMaster.navigateToUserMaster(UserMaster.java:13)
  base.UserMaster.navigateToUserMaster(UserMaster.java:13)
  base.UserMaster.navigateToUserMaster(UserMaster.java:13)
  base.UserMaster.navigateToUserMaster(UserMaster.java:13)
  base.UserMaster.navigateToUserMaster(UserMaster.java:13)
  base.UserMaster.navigateToUserMaster(UserMaster.java:13)
  base.UserMaster.navigateToUserMaster(UserMaster.java:13)
  base.UserMaster.navigateToUserMaster(UserMaster.java:13)
  base.UserMaster.navigateToUserMaster(UserMaster.java:13)
  base.UserMaster.navigateToUserMaster(UserMaster.java:13)
  base.UserMaster.navigateToUserMaster(UserMaster.java:13)
  base.UserMaster.navigateToUserMaster(UserMaster.java:13)
  base.UserMaster.navigateToUserMaster(UserMaster.java:13)
  base.UserMaster.navigateToUserMaster(UserMaster.java:13)
  base.UserMaster.navigateToUserMaster(UserMaster.java:13)
  base.UserMaster.navigateToUserMaster(UserMaster.java:13)
  base.UserMaster.navigateToUserMaster(UserMaster.java:13)
  base.UserMaster.navigateToUserMaster(UserMaster.java:13)
  base.UserMaster.navigateToUserMaster(UserMaster.java:13)
  base.UserMaster.navigateToUserMaster(UserMaster.java:13)
  base.UserMaster.navigateToUserMaster(UserMaster.java:13)
  base.UserMaster.navigateToUserMaster(UserMaster.java:13)
  base.UserMaster.navigateToUserMaster(UserMaster.java:13)
  base.UserMaster.navigateToUserMaster(UserMaster.java:13)
  base.UserMaster.navigateToUserMaster(UserMaster.java:13)
  base.UserMaster.navigateToUserMaster(UserMaster.java:13)
  base.UserMaster.navigateToUserMaster(UserMaster.java:13)
  base.UserMaster.navigateToUserMaster(UserMaster.java:13)
  base.UserMaster.navigateToUserMaster(UserMaster.java:13)
  base.UserMaster.navigateToUserMaster(UserMaster.java:13)
  base.UserMaster.navigateToUserMaster(UserMaster.java:13)
  base.UserMaster.navigateToUserMaster(UserMaster.java:13)
  base.UserMaster.navigateToUserMaster(UserMaster.java:13)
  base.UserMaster.navigateToUserMaster(UserMaster.java:13)
  base.UserMaster.navigateToUserMaster(UserMaster.java:13)
  base.UserMaster.navigateToUserMaster(UserMaster.java:13)
  base.UserMaster.navigateToUserMaster(UserMaster.java:13)
  base.UserMaster.navigateToUserMaster(UserMaster.java:13)
  base.UserMaster.navigateToUserMaster(UserMaster.java:13)
  base.UserMaster.navigateToUserMaster(UserMaster.java:13)
  base.UserMaster.navigateToUserMaster(UserMaster.java:13)
  base.UserMaster.navigateToUserMaster(UserMaster.java:13)
  base.UserMaster.navigateToUserMaster(UserMaster.java:13)
  base.UserMaster.navigateToUserMaster(UserMaster.java:13)
  base.UserMaster.navigateToUserMaster(UserMaster.java:13)
  base.UserMaster.navigateToUserMaster(UserMaster.java:13)
  base.UserMaster.navigateToUserMaster(UserMaster.java:13)
  base.UserMaster.navigateToUserMaster(UserMaster.java:13)
  base.UserMaster.navigateToUserMaster(UserMaster.java:13)
  base.UserMaster.navigateToUserMaster(UserMaster.java:13)
  base.UserMaster.navigateToUserMaster(UserMaster.java:13)
  base.UserMaster.navigateToUserMaster(UserMaster.java:13)
  base.UserMaster.navigateToUserMaster(UserMaster.java:13)
  base.UserMaster.navigateToUserMaster(UserMaster.java:13)
  base.UserMaster.navigateToUserMaster(UserMaster.java:13)
  base.UserMaster.navigateToUserMaster(UserMaster.java:13)
  base.UserMaster.navigateToUserMaster(UserMaster.java:13)
  base.UserMaster.navigateToUserMaster(UserMaster.java:13)
  base.UserMaster.navigateToUserMaster(UserMaster.java:13)
  base.UserMaster.navigateToUserMaster(UserMaster.java:13)
  base.UserMaster.navigateToUserMaster(UserMaster.java:13)
  base.UserMaster.navigateToUserMaster(UserMaster.java:13)
  base.UserMaster.navigateToUserMaster(UserMaster.java:13)
  base.UserMaster.navigateToUserMaster(UserMaster.java:13)
  base.UserMaster.navigateToUserMaster(UserMaster.java:13)
  base.UserMaster.navigateToUserMaster(UserMaster.java:13)
  base.UserMaster.navigateToUserMaster(UserMaster.java:13)
  base.UserMaster.navigateToUserMaster(UserMaster.java:13)
  base.UserMaster.navigateToUserMaster(UserMaster.java:13)
  base.UserMaster.navigateToUserMaster(UserMaster.java:13)
  base.UserMaster.navigateToUserMaster(UserMaster.java:13)
  base.UserMaster.navigateToUserMaster(UserMaster.java:13)
  base.UserMaster.navigateToUserMaster(UserMaster.java:13)
  base.UserMaster.navigateToUserMaster(UserMaster.java:13)
  base.UserMaster.navigateToUserMaster(UserMaster.java:13)
  base.UserMaster.navigateToUserMaster(UserMaster.java:13)
  base.UserMaster.navigateToUserMaster(UserMaster.java:13)
  base.UserMaster.navigateToUserMaster(UserMaster.java:13)
  base.UserMaster.navigateToUserMaster(UserMaster.java:13)
  base.UserMaster.navigateToUserMaster(UserMaster.java:13)
  base.UserMaster.navigateToUserMaster(UserMaster.java:13)
  base.UserMaster.navigateToUserMaster(UserMaster.java:13)
  base.UserMaster.navigateToUserMaster(UserMaster.java:13)
  base.UserMaster.navigateToUserMaster(UserMaster.java:13)
  base.UserMaster.navigateToUserMaster(UserMaster.java:13)
  base.UserMaster.navigateToUserMaster(UserMaster.java:13)
  base.UserMaster.navigateToUserMaster(UserMaster.java:13)
  base.UserMaster.navigateToUserMaster(UserMaster.java:13)
  base.UserMaster.navigateToUserMaster(UserMaster.java:13)
  base.UserMaster.navigateToUserMaster(UserMaster.java:13)
  base.UserMaster.navigateToUserMaster(UserMaster.java:13)
  base.UserMaster.navigateToUserMaster(UserMaster.java:13)
  base.UserMaster.navigateToUserMaster(UserMaster.java:13)
  base.UserMaster.navigateToUserMaster(UserMaster.java:13)
  base.UserMaster.navigateToUserMaster(UserMaster.java:13)
  base.UserMaster.navigateToUserMaster(UserMaster.java:13)
  base.UserMaster.navigateToUserMaster(UserMaster.java:13)
  base.UserMaster.navigateToUserMaster(UserMaster.java:13)
  base.UserMaster.navigateToUserMaster(UserMaster.java:13)
  base.UserMaster.navigateToUserMaster(UserMaster.java:13)
  base.UserMaster.navigateToUserMaster(UserMaster.java:13)
  base.UserMaster.navigateToUserMaster(UserMaster.java:13)
  base.UserMaster.navigateToUserMaster(UserMaster.java:13)
  base.UserMaster.navigateToUserMaster(UserMaster.java:13)
  base.UserMaster.navigateToUserMaster(UserMaster.java:13)
  base.UserMaster.navigateToUserMaster(UserMaster.java:13)
  base.UserMaster.navigateToUserMaster(UserMaster.java:13)
  base.UserMaster.navigateToUserMaster(UserMaster.java:13)
  base.UserMaster.navigateToUserMaster(UserMaster.java:13)
  base.UserMaster.navigateToUserMaster(UserMaster.java:13)
  base.UserMaster.navigateToUserMaster(UserMaster.java:13)
  base.UserMaster.navigateToUserMaster(UserMaster.java:13)
  base.UserMaster.navigateToUserMaster(UserMaster.java:13)
  base.UserMaster.navigateToUserMaster(UserMaster.java:13)
  base.UserMaster.navigateToUserMaster(UserMaster.java:13)
  base.UserMaster.navigateToUserMaster(UserMaster.java:13)
  base.UserMaster.navigateToUserMaster(UserMaster.java:13)
  base.UserMaster.navigateToUserMaster(UserMaster.java:13)
  base.UserMaster.navigateToUserMaster(UserMaster.java:13)
  base.UserMaster.navigateToUserMaster(UserMaster.java:13)
  base.UserMaster.navigateToUserMaster(UserMaster.java:13)
  base.UserMaster.navigateToUserMaster(UserMaster.java:13)
  base.UserMaster.navigateToUserMaster(UserMaster.java:13)
  base.UserMaster.navigateToUserMaster(UserMaster.java:13)
  base.UserMaster.navigateToUserMaster(UserMaster.java:13)
  base.UserMaster.navigateToUserMaster(UserMaster.java:13)
  base.UserMaster.navigateToUserMaster(UserMaster.java:13)
  base.UserMaster.navigateToUserMaster(UserMaster.java:13)
  base.UserMaster.navigateToUserMaster(UserMaster.java:13)
  base.UserMaster.navigateToUserMaster(UserMaster.java:13)
  base.UserMaster.navigateToUserMaster(UserMaster.java:13)
  base.UserMaster.navigateToUserMaster(UserMaster.java:13)
  base.UserMaster.navigateToUserMaster(UserMaster.java:13)
  base.UserMaster.navigateToUserMaster(UserMaster.java:13)
  base.UserMaster.navigateToUserMaster(UserMaster.java:13)
  base.UserMaster.navigateToUserMaster(UserMaster.java:13)
  base.UserMaster.navigateToUserMaster(UserMaster.java:13)
  base.UserMaster.navigateToUserMaster(UserMaster.java:13)
  base.UserMaster.navigateToUserMaster(UserMaster.java:13)
  base.UserMaster.navigateToUserMaster(UserMaster.java:13)
  base.UserMaster.navigateToUserMaster(UserMaster.java:13)
  base.UserMaster.navigateToUserMaster(UserMaster.java:13)
  base.UserMaster.navigateToUserMaster(UserMaster.java:13)
  base.UserMaster.navigateToUserMaster(UserMaster.java:13)
  base.UserMaster.navigateToUserMaster(UserMaster.java:13)
  base.UserMaster.navigateToUserMaster(UserMaster.java:13)
  base.UserMaster.navigateToUserMaster(UserMaster.java:13)
  base.UserMaster.navigateToUserMaster(UserMaster.java:13)
  base.UserMaster.navigateToUserMaster(UserMaster.java:13)
  base.UserMaster.navigateToUserMaster(UserMaster.java:13)
  base.UserMaster.navigateToUserMaster(UserMaster.java:13)
  base.UserMaster.navigateToUserMaster(UserMaster.java:13)
  base.UserMaster.navigateToUserMaster(UserMaster.java:13)
  base.UserMaster.navigateToUserMaster(UserMaster.java:13)
  base.UserMaster.navigateToUserMaster(UserMaster.java:13)
  base.UserMaster.navigateToUserMaster(UserMaster.java:13)
  base.UserMaster.navigateToUserMaster(UserMaster.java:13)
  base.UserMaster.navigateToUserMaster(UserMaster.java:13)
  base.UserMaster.navigateToUserMaster(UserMaster.java:13)
  base.UserMaster.navigateToUserMaster(UserMaster.java:13)
  base.UserMaster.navigateToUserMaster(UserMaster.java:13)
  base.UserMaster.navigateToUserMaster(UserMaster.java:13)
  base.UserMaster.navigateToUserMaster(UserMaster.java:13)
  base.UserMaster.navigateToUserMaster(UserMaster.java:13)
  base.UserMaster.navigateToUserMaster(UserMaster.java:13)
  base.UserMaster.navigateToUserMaster(UserMaster.java:13)
  base.UserMaster.navigateToUserMaster(UserMaster.java:13)
  base.UserMaster.navigateToUserMaster(UserMaster.java:13)
  base.UserMaster.navigateToUserMaster(UserMaster.java:13)
  base.UserMaster.navigateToUserMaster(UserMaster.java:13)
  base.UserMaster.navigateToUserMaster(UserMaster.java:13)
  base.UserMaster.navigateToUserMaster(UserMaster.java:13)
  base.UserMaster.navigateToUserMaster(UserMaster.java:13)
  base.UserMaster.navigateToUserMaster(UserMaster.java:13)
  base.UserMaster.navigateToUserMaster(UserMaster.java:13)
  base.UserMaster.navigateToUserMaster(UserMaster.java:13)
  base.UserMaster.navigateToUserMaster(UserMaster.java:13)
  base.UserMaster.navigateToUserMaster(UserMaster.java:13)
  base.UserMaster.navigateToUserMaster(UserMaster.java:13)
  base.UserMaster.navigateToUserMaster(UserMaster.java:13)
  base.UserMaster.navigateToUserMaster(UserMaster.java:13)
  base.UserMaster.navigateToUserMaster(UserMaster.java:13)
  base.UserMaster.navigateToUserMaster(UserMaster.java:13)
  base.UserMaster.navigateToUserMaster(UserMaster.java:13)
  base.UserMaster.navigateToUserMaster(UserMaster.java:13)
  base.UserMaster.navigateToUserMaster(UserMaster.java:13)
  base.UserMaster.navigateToUserMaster(UserMaster.java:13)
  base.UserMaster.navigateToUserMaster(UserMaster.java:13)
  base.UserMaster.navigateToUserMaster(UserMaster.java:13)
  base.UserMaster.navigateToUserMaster(UserMaster.java:13)
  base.UserMaster.navigateToUserMaster(UserMaster.java:13)
  base.UserMaster.navigateToUserMaster(UserMaster.java:13)
  base.UserMaster.navigateToUserMaster(UserMaster.java:13)
  base.UserMaster.navigateToUserMaster(UserMaster.java:13)
  base.UserMaster.navigateToUserMaster(UserMaster.java:13)
  base.UserMaster.navigateToUserMaster(UserMaster.java:13)
  base.UserMaster.navigateToUserMaster(UserMaster.java:13)
  base.UserMaster.navigateToUserMaster(UserMaster.java:13)
  base.UserMaster.navigateToUserMaster(UserMaster.java:13)
  base.UserMaster.navigateToUserMaster(UserMaster.java:13)
  base.UserMaster.navigateToUserMaster(UserMaster.java:13)
  base.UserMaster.navigateToUserMaster(UserMaster.java:13)
  base.UserMaster.navigateToUserMaster(UserMaster.java:13)
  base.UserMaster.navigateToUserMaster(UserMaster.java:13)
  base.UserMaster.navigateToUserMaster(UserMaster.java:13)
  base.UserMaster.navigateToUserMaster(UserMaster.java:13)
  base.UserMaster.navigateToUserMaster(UserMaster.java:13)
  base.UserMaster.navigateToUserMaster(UserMaster.java:13)
  base.UserMaster.navigateToUserMaster(UserMaster.java:13)
  base.UserMaster.navigateToUserMaster(UserMaster.java:13)
  base.UserMaster.navigateToUserMaster(UserMaster.java:13)
  base.UserMaster.navigateToUserMaster(UserMaster.java:13)
  base.UserMaster.navigateToUserMaster(UserMaster.java:13)
  base.UserMaster.navigateToUserMaster(UserMaster.java:13)
  base.UserMaster.navigateToUserMaster(UserMaster.java:13)
  base.UserMaster.navigateToUserMaster(UserMaster.java:13)
  base.UserMaster.navigateToUserMaster(UserMaster.java:13)
  base.UserMaster.navigateToUserMaster(UserMaster.java:13)
  base.UserMaster.navigateToUserMaster(UserMaster.java:13)
  base.UserMaster.navigateToUserMaster(UserMaster.java:13)
  base.UserMaster.navigateToUserMaster(UserMaster.java:13)
  base.UserMaster.navigateToUserMaster(UserMaster.java:13)
  base.UserMaster.navigateToUserMaster(UserMaster.java:13)
  base.UserMaster.navigateToUserMaster(UserMaster.java:13)
  base.UserMaster.navigateToUserMaster(UserMaster.java:13)
  base.UserMaster.navigateToUserMaster(UserMaster.java:13)
  base.UserMaster.navigateToUserMaster(UserMaster.java:13)
  base.UserMaster.navigateToUserMaster(UserMaster.java:13)
  base.UserMaster.navigateToUserMaster(UserMaster.java:13)
  base.UserMaster.navigateToUserMaster(UserMaster.java:13)
  base.UserMaster.navigateToUserMaster(UserMaster.java:13)
  base.UserMaster.navigateToUserMaster(UserMaster.java:13)
  base.UserMaster.navigateToUserMaster(UserMaster.java:13)
  base.UserMaster.navigateToUserMaster(UserMaster.java:13)
  base.UserMaster.navigateToUserMaster(UserMaster.java:13)
  base.UserMaster.navigateToUserMaster(UserMaster.java:13)
  base.UserMaster.navigateToUserMaster(UserMaster.java:13)
  base.UserMaster.navigateToUserMaster(UserMaster.java:13)
  base.UserMaster.navigateToUserMaster(UserMaster.java:13)
  base.UserMaster.navigateToUserMaster(UserMaster.java:13)
  base.UserMaster.navigateToUserMaster(UserMaster.java:13)
  base.UserMaster.navigateToUserMaster(UserMaster.java:13)
  base.UserMaster.navigateToUserMaster(UserMaster.java:13)
  base.UserMaster.navigateToUserMaster(UserMaster.java:13)
  base.UserMaster.navigateToUserMaster(UserMaster.java:13)
  base.UserMaster.navigateToUserMaster(UserMaster.java:13)
  base.UserMaster.navigateToUserMaster(UserMaster.java:13)
  base.UserMaster.navigateToUserMaster(UserMaster.java:13)
  base.UserMaster.navigateToUserMaster(UserMaster.java:13)
  base.UserMaster.navigateToUserMaster(UserMaster.java:13)
  base.UserMaster.navigateToUserMaster(UserMaster.java:13)
  base.UserMaster.navigateToUserMaster(UserMaster.java:13)
  base.UserMaster.navigateToUserMaster(UserMaster.java:13)
  base.UserMaster.navigateToUserMaster(UserMaster.java:13)
  base.UserMaster.navigateToUserMaster(UserMaster.java:13)
  base.UserMaster.navigateToUserMaster(UserMaster.java:13)
  base.UserMaster.navigateToUserMaster(UserMaster.java:13)
  base.UserMaster.navigateToUserMaster(UserMaster.java:13)
  base.UserMaster.navigateToUserMaster(UserMaster.java:13)
  base.UserMaster.navigateToUserMaster(UserMaster.java:13)
  base.UserMaster.navigateToUserMaster(UserMaster.java:13)
  base.UserMaster.navigateToUserMaster(UserMaster.java:13)
  base.UserMaster.navigateToUserMaster(UserMaster.java:13)
  base.UserMaster.navigateToUserMaster(UserMaster.java:13)
  base.UserMaster.navigateToUserMaster(UserMaster.java:13)
  base.UserMaster.navigateToUserMaster(UserMaster.java:13)
  base.UserMaster.navigateToUserMaster(UserMaster.java:13)
  base.UserMaster.navigateToUserMaster(UserMaster.java:13)
  base.UserMaster.navigateToUserMaster(UserMaster.java:13)
  base.UserMaster.navigateToUserMaster(UserMaster.java:13)
  base.UserMaster.navigateToUserMaster(UserMaster.java:13)
  base.UserMaster.navigateToUserMaster(UserMaster.java:13)
  base.UserMaster.navigateToUserMaster(UserMaster.java:13)
  base.UserMaster.navigateToUserMaster(UserMaster.java:13)
  base.UserMaster.navigateToUserMaster(UserMaster.java:13)
  base.UserMaster.navigateToUserMaster(UserMaster.java:13)
  base.UserMaster.navigateToUserMaster(UserMaster.java:13)
  base.UserMaster.navigateToUserMaster(UserMaster.java:13)
  base.UserMaster.navigateToUserMaster(UserMaster.java:13)
  base.UserMaster.navigateToUserMaster(UserMaster.java:13)
  base.UserMaster.navigateToUserMaster(UserMaster.java:13)
  base.UserMaster.navigateToUserMaster(UserMaster.java:13)
  base.UserMaster.navigateToUserMaster(UserMaster.java:13)
  base.UserMaster.navigateToUserMaster(UserMaster.java:13)
]]>
      </failure>

          </testcase>
  
  
  
</testsuite>
